mode: set
github.com/kamilmucik/auth-svc/pkg/utils/hash.go:5.43,9.2 2 1
github.com/kamilmucik/auth-svc/pkg/utils/hash.go:11.59,15.2 2 1
github.com/kamilmucik/auth-svc/pkg/utils/jwt.go:23.85,37.16 4 0
github.com/kamilmucik/auth-svc/pkg/utils/jwt.go:37.16,39.3 1 0
github.com/kamilmucik/auth-svc/pkg/utils/jwt.go:41.2,41.25 1 0
github.com/kamilmucik/auth-svc/pkg/utils/jwt.go:44.87,48.47 1 0
github.com/kamilmucik/auth-svc/pkg/utils/jwt.go:48.47,50.4 1 0
github.com/kamilmucik/auth-svc/pkg/utils/jwt.go:53.2,53.16 1 0
github.com/kamilmucik/auth-svc/pkg/utils/jwt.go:53.16,55.3 1 0
github.com/kamilmucik/auth-svc/pkg/utils/jwt.go:57.2,59.9 2 0
github.com/kamilmucik/auth-svc/pkg/utils/jwt.go:59.9,61.3 1 0
github.com/kamilmucik/auth-svc/pkg/utils/jwt.go:63.2,63.50 1 0
github.com/kamilmucik/auth-svc/pkg/utils/jwt.go:63.50,65.3 1 0
github.com/kamilmucik/auth-svc/pkg/utils/jwt.go:67.2,67.20 1 0
